[2026-04-08 09:59:04] [INFO] 部署主机: PC-20260312LHBE
[2026-04-08 09:59:04] [INFO] 当前时间: 2026-04-08 09:59:04
[2026-04-08 09:59:04] [INFO] 创建锁文件: deploying by PC-20260312LHBE at 2026-04-08T09:59:04.607555
[2026-04-08 09:59:04] [INFO] ============================================================
[2026-04-08 09:59:04] [INFO] 检查部署环境
[2026-04-08 09:59:04] [INFO] ============================================================
[2026-04-08 09:59:04] [INFO] Python版本: 3.13.12
[2026-04-08 09:59:04] [INFO] git version 2.53.0.windows.2
[2026-04-08 09:59:04] [INFO] Git版本: git version 2.53.0.windows.2
[2026-04-08 09:59:04] [SUCCESS] ✅ HTML生成脚本: 存在
[2026-04-08 09:59:05] [INFO] origin	https://github.com/tianyunsu/ocean-data-daily-report.git (fetch)
origin	https://github.com/tianyunsu/ocean-data-daily-report.git (push)
[2026-04-08 09:59:05] [INFO] Git远程仓库:
origin	https://github.com/tianyunsu/ocean-data-daily-report.git (fetch)
origin	https://github.com/tianyunsu/ocean-data-daily-report.git (push)

[2026-04-08 09:59:05] [ERROR] 
环境检查发现问题:
[2026-04-08 09:59:05] [ERROR]   - ❌ 搜索结果数据: 不存在 - C:\Users\Administrator\WorkBuddy\Claw\SECTIONS.json
[2026-04-08 09:59:05] [ERROR] 
请修复问题后重试
[2026-04-08 09:59:05] [INFO] 删除锁文件
