[2026-04-14 09:41:34] [INFO] 部署主机: PC-20260312LHBE
[2026-04-14 09:41:34] [INFO] 当前时间: 2026-04-14 09:41:34
[2026-04-14 09:41:34] [INFO] 创建锁文件: deploying by PC-20260312LHBE at 2026-04-14T09:41:34.064286
[2026-04-14 09:41:34] [INFO] ============================================================
[2026-04-14 09:41:34] [INFO] 检查部署环境
[2026-04-14 09:41:34] [INFO] ============================================================
[2026-04-14 09:41:34] [INFO] Python版本: 3.13.12
[2026-04-14 09:41:34] [INFO] git version 2.53.0.windows.2
[2026-04-14 09:41:34] [INFO] Git版本: git version 2.53.0.windows.2
[2026-04-14 09:41:34] [SUCCESS] ✅ HTML生成脚本: 存在
[2026-04-14 09:41:34] [SUCCESS] ✅ 搜索结果数据: 存在
[2026-04-14 09:41:34] [INFO] origin	https://github.com/tianyunsu/ocean-data-daily-report.git (fetch)
origin	https://github.com/tianyunsu/ocean-data-daily-report.git (push)
[2026-04-14 09:41:34] [INFO] Git远程仓库:
origin	https://github.com/tianyunsu/ocean-data-daily-report.git (fetch)
origin	https://github.com/tianyunsu/ocean-data-daily-report.git (push)

[2026-04-14 09:41:34] [SUCCESS] 
✅ 环境检查通过
[2026-04-14 09:41:34] [INFO] ============================================================
[2026-04-14 09:41:34] [INFO] 拉取最新代码
[2026-04-14 09:41:34] [INFO] ============================================================
[2026-04-14 09:41:34] [INFO] M	.workbuddy/memory/2026-03-30.md
M	.workbuddy/memory/MEMORY.md
M	__pycache__/feishu_write_doc.cpython-313.pyc
M	current_prompt.txt
M	feishu_doc_url.txt
M	feishu_write_doc.py
[2026-04-14 09:41:44] [ERROR] 命令执行失败: git pull origin main
[2026-04-14 09:41:44] [ERROR] 错误信息: fatal: unable to access 'https://github.com/tianyunsu/ocean-data-daily-report.git/': schannel: failed to receive handshake, SSL/TLS connection failed

[2026-04-14 09:41:44] [ERROR] 拉取代码失败
[2026-04-14 09:41:44] [INFO] 删除锁文件
