[2026-05-15 10:51:35] [INFO] 部署主机: PC-20260312LHBE
[2026-05-15 10:51:36] [INFO] 当前时间: 2026-05-15 10:51:36
[2026-05-15 10:51:36] [INFO] 创建锁文件: deploying by PC-20260312LHBE at 2026-05-15T10:51:36.017760
[2026-05-15 10:51:36] [INFO] ============================================================
[2026-05-15 10:51:36] [INFO] 检查部署环境
[2026-05-15 10:51:36] [INFO] ============================================================
[2026-05-15 10:51:36] [INFO] Python版本: 3.13.12
[2026-05-15 10:51:36] [INFO] git version 2.53.0.windows.2
[2026-05-15 10:51:36] [INFO] Git版本: git version 2.53.0.windows.2
[2026-05-15 10:51:36] [SUCCESS] ✅ HTML生成脚本: 存在
[2026-05-15 10:51:36] [SUCCESS] ✅ 搜索结果数据: 存在
[2026-05-15 10:51:36] [INFO] origin	git@github.com:tianyunsu/ocean-data-daily-report.git (fetch)
origin	git@github.com:tianyunsu/ocean-data-daily-report.git (push)
[2026-05-15 10:51:36] [INFO] Git远程仓库:
origin	git@github.com:tianyunsu/ocean-data-daily-report.git (fetch)
origin	git@github.com:tianyunsu/ocean-data-daily-report.git (push)

[2026-05-15 10:51:36] [SUCCESS] 
✅ 环境检查通过
[2026-05-15 10:51:36] [INFO] ============================================================
[2026-05-15 10:51:36] [INFO] 拉取最新代码
[2026-05-15 10:51:36] [INFO] ============================================================
[2026-05-15 10:51:37] [INFO] M	feishu_write_doc.py
[2026-05-15 10:51:46] [INFO] Already up to date.
[2026-05-15 10:51:46] [SUCCESS] ✅ 代码已更新到最新版本
[2026-05-15 10:51:46] [INFO] ============================================================
[2026-05-15 10:51:46] [INFO] 生成今日日报
[2026-05-15 10:51:46] [INFO] ============================================================
[2026-05-15 10:51:47] [SUCCESS] ✅ 日报已生成: C:\Users\Administrator\WorkBuddy\Claw\daily_reports\海洋AI简报_2026-05-15.html
[2026-05-15 10:51:47] [INFO] ============================================================
[2026-05-15 10:51:47] [INFO] 复制日报到posts目录
[2026-05-15 10:51:47] [INFO] ============================================================
[2026-05-15 10:51:47] [SUCCESS] ✅ 日报已复制: C:\Users\Administrator\WorkBuddy\Claw\posts\2026-05-15.html
[2026-05-15 10:51:47] [INFO] ============================================================
[2026-05-15 10:51:47] [INFO] 更新index.html
[2026-05-15 10:51:47] [INFO] ============================================================
[2026-05-15 10:51:47] [WARNING] 警告: 未找到reports-container,可能需要手动更新index.html
[2026-05-15 10:51:47] [INFO] 删除锁文件
